<?xml version="1.0" encoding="UTF-8"?>
<!-- Generated by org.testng.reporters.JUnitXMLReporter -->
<testsuite ignored="2" hostname="DESKTOP-30I1BLI" failures="1" tests="3" name="PurchaseOrder Direct Confirmation" time="77.302" errors="0" timestamp="2025-03-07T15:48:17 IST">
  <testcase classname="GowriPrabhu.Test.PO_Creation" name="CreatePurchaseOrder" time="41.033"/>
  <testcase classname="GowriPrabhu.Test.PO_Creation" name="LoginAsCPandConfirmDirectly" time="15.908"/>
  <testcase classname="GowriPrabhu.Test.PO_Creation" name="Branch_Manage_Approval" time="11.392">
    <failure type="org.openqa.selenium.ElementNotInteractableException" message="element not interactable
  (Session info: chrome=134.0.6998.35)
Build info: version: &amp;apos;4.27.0&amp;apos;, revision: &amp;apos;d6e718d134&amp;apos;
System info: os.name: &amp;apos;Windows 10&amp;apos;, os.arch: &amp;apos;amd64&amp;apos;, os.version: &amp;apos;10.0&amp;apos;, java.version: &amp;apos;21.0.5&amp;apos;
Driver info: org.openqa.selenium.chrome.ChromeDriver
Command: [51355ae3df53628fcbac93ee8a68e7ea, clickElement {id=f.A3BC8C710F925397E7DB9376901543B7.d.88F7BE47896A70D6F3BF5FA651059541.e.510}]
Capabilities {acceptInsecureCerts: false, browserName: chrome, browserVersion: 134.0.6998.35, chrome: {chromedriverVersion: 134.0.6998.35 (ea6ef4c2ac15..., userDataDir: C:\Users\WINIT\AppData\Loca...}, fedcm:accounts: true, goog:chromeOptions: {debuggerAddress: localhost:53292}, networkConnectionEnabled: false, pageLoadStrategy: normal, platformName: windows, proxy: Proxy(), se:cdp: ws://localhost:53292/devtoo..., se:cdpVersion: 134.0.6998.35, setWindowRect: true, strictFileInteractability: false, timeouts: {implicit: 0, pageLoad: 300000, script: 30000}, unhandledPromptBehavior: dismiss and notify, webauthn:extension:credBlob: true, webauthn:extension:largeBlob: true, webauthn:extension:minPinLength: true, webauthn:extension:prf: true, webauthn:virtualAuthenticators: true}
Element: [[ChromeDriver: chrome on windows (51355ae3df53628fcbac93ee8a68e7ea)] -&amp;gt; xpath: //a[normalize-space()=&amp;apos;View Purchase Order Status&amp;apos;]]
Session ID: 51355ae3df53628fcbac93ee8a68e7ea">
      <![CDATA[org.openqa.selenium.ElementNotInteractableException: element not interactable
  (Session info: chrome=134.0.6998.35)
Build info: version: '4.27.0', revision: 'd6e718d134'
System info: os.name: 'Windows 10', os.arch: 'amd64', os.version: '10.0', java.version: '21.0.5'
Driver info: org.openqa.selenium.chrome.ChromeDriver
Command: [51355ae3df53628fcbac93ee8a68e7ea, clickElement {id=f.A3BC8C710F925397E7DB9376901543B7.d.88F7BE47896A70D6F3BF5FA651059541.e.510}]
Capabilities {acceptInsecureCerts: false, browserName: chrome, browserVersion: 134.0.6998.35, chrome: {chromedriverVersion: 134.0.6998.35 (ea6ef4c2ac15..., userDataDir: C:\Users\WINIT\AppData\Loca...}, fedcm:accounts: true, goog:chromeOptions: {debuggerAddress: localhost:53292}, networkConnectionEnabled: false, pageLoadStrategy: normal, platformName: windows, proxy: Proxy(), se:cdp: ws://localhost:53292/devtoo..., se:cdpVersion: 134.0.6998.35, setWindowRect: true, strictFileInteractability: false, timeouts: {implicit: 0, pageLoad: 300000, script: 30000}, unhandledPromptBehavior: dismiss and notify, webauthn:extension:credBlob: true, webauthn:extension:largeBlob: true, webauthn:extension:minPinLength: true, webauthn:extension:prf: true, webauthn:virtualAuthenticators: true}
Element: [[ChromeDriver: chrome on windows (51355ae3df53628fcbac93ee8a68e7ea)] -> xpath: //a[normalize-space()='View Purchase Order Status']]
Session ID: 51355ae3df53628fcbac93ee8a68e7ea
at org.openqa.selenium.remote.ErrorCodec.decode(ErrorCodec.java:167)
at org.openqa.selenium.remote.codec.w3c.W3CHttpResponseCodec.decode(W3CHttpResponseCodec.java:138)
at org.openqa.selenium.remote.codec.w3c.W3CHttpResponseCodec.decode(W3CHttpResponseCodec.java:50)
at org.openqa.selenium.remote.HttpCommandExecutor.execute(HttpCommandExecutor.java:215)
at org.openqa.selenium.remote.service.DriverCommandExecutor.invokeExecute(DriverCommandExecutor.java:216)
at org.openqa.selenium.remote.service.DriverCommandExecutor.execute(DriverCommandExecutor.java:174)
at org.openqa.selenium.remote.RemoteWebDriver.execute(RemoteWebDriver.java:545)
at org.openqa.selenium.remote.RemoteWebElement.execute(RemoteWebElement.java:223)
at org.openqa.selenium.remote.RemoteWebElement.click(RemoteWebElement.java:76)
at org.openqa.selenium.support.pagefactory.internal.LocatingElementHandler.invoke(LocatingElementHandler.java:51)
at jdk.proxy2/jdk.proxy2.$Proxy15.click(Unknown Source)
at GowriPrabhu.pageobjects.ViewPurchaseOrderPage.ViewPurchaseOrder(ViewPurchaseOrderPage.java:132)
at GowriPrabhu.Test.PO_Creation.FilterForThePurchaseOrder(PO_Creation.java:48)
at GowriPrabhu.Test.PO_Creation.Branch_Manage_Approval(PO_Creation.java:96)
at java.base/java.util.ArrayList.forEach(ArrayList.java:1596)
... Removed 30 stack frames]]>
    </failure>
  </testcase> <!-- Branch_Manage_Approval -->
  <testcase classname="GowriPrabhu.Test.PO_Creation" name="LoginAsCPandConfirmAfterEditing" time="0.0">
    <ignored/>
  </testcase> <!-- LoginAsCPandConfirmAfterEditing -->
  <testcase classname="GowriPrabhu.Test.PO_Creation" name="Approvals_for_PurchaseOrder_AfterEditing" time="0.0">
    <ignored/>
  </testcase> <!-- Approvals_for_PurchaseOrder_AfterEditing -->
</testsuite> <!-- PurchaseOrder Direct Confirmation -->
