<?xml version="1.0" encoding="UTF-8"?>
<!-- Generated by org.testng.reporters.JUnitXMLReporter -->
<testsuite ignored="0" hostname="DESKTOP-30I1BLI" failures="1" tests="5" name="Test" time="146.251" errors="0" timestamp="2025-03-11T23:09:27 IST">
  <testcase classname="GowriPrabhu.Test.PO_Creation" name="CreatePurchaseOrder" time="42.918"/>
  <testcase classname="GowriPrabhu.Test.PO_Creation" name="LoginAsCPandConfirmAfterEditing" time="22.797"/>
  <testcase classname="GowriPrabhu.Test.PO_Creation" name="LoginAsCPandConfirmDirectly" time="41.878">
    <failure type="org.openqa.selenium.TimeoutException" message="Expected condition failed: waiting for visibility of [[ChromeDriver: chrome on windows (04106751f882f90d63757691cbf22f35)] -&amp;gt; xpath: //button[normalize-space()=&amp;apos;Confirm&amp;apos;]] (tried for 30 second(s) with 500 milliseconds interval)
Build info: version: &amp;apos;4.29.0&amp;apos;, revision: &amp;apos;5fc1ec94cb&amp;apos;
System info: os.name: &amp;apos;Windows 10&amp;apos;, os.arch: &amp;apos;amd64&amp;apos;, os.version: &amp;apos;10.0&amp;apos;, java.version: &amp;apos;21.0.1&amp;apos;
Driver info: org.openqa.selenium.chrome.ChromeDriver
Capabilities {acceptInsecureCerts: false, browserName: chrome, browserVersion: 134.0.6998.35, chrome: {chromedriverVersion: 134.0.6998.88 (7e3d5c978c6d..., userDataDir: C:\Users\WINIT\AppData\Loca...}, fedcm:accounts: true, goog:chromeOptions: {debuggerAddress: localhost:56275}, networkConnectionEnabled: false, pageLoadStrategy: normal, platformName: windows, proxy: Proxy(), se:cdp: ws://localhost:56275/devtoo..., se:cdpVersion: 134.0.6998.35, setWindowRect: true, strictFileInteractability: false, timeouts: {implicit: 0, pageLoad: 300000, script: 30000}, unhandledPromptBehavior: dismiss and notify, webauthn:extension:credBlob: true, webauthn:extension:largeBlob: true, webauthn:extension:minPinLength: true, webauthn:extension:prf: true, webauthn:virtualAuthenticators: true}
Session ID: 04106751f882f90d63757691cbf22f35">
      <![CDATA[org.openqa.selenium.TimeoutException: Expected condition failed: waiting for visibility of [[ChromeDriver: chrome on windows (04106751f882f90d63757691cbf22f35)] -> xpath: //button[normalize-space()='Confirm']] (tried for 30 second(s) with 500 milliseconds interval)
Build info: version: '4.29.0', revision: '5fc1ec94cb'
System info: os.name: 'Windows 10', os.arch: 'amd64', os.version: '10.0', java.version: '21.0.1'
Driver info: org.openqa.selenium.chrome.ChromeDriver
Capabilities {acceptInsecureCerts: false, browserName: chrome, browserVersion: 134.0.6998.35, chrome: {chromedriverVersion: 134.0.6998.88 (7e3d5c978c6d..., userDataDir: C:\Users\WINIT\AppData\Loca...}, fedcm:accounts: true, goog:chromeOptions: {debuggerAddress: localhost:56275}, networkConnectionEnabled: false, pageLoadStrategy: normal, platformName: windows, proxy: Proxy(), se:cdp: ws://localhost:56275/devtoo..., se:cdpVersion: 134.0.6998.35, setWindowRect: true, strictFileInteractability: false, timeouts: {implicit: 0, pageLoad: 300000, script: 30000}, unhandledPromptBehavior: dismiss and notify, webauthn:extension:credBlob: true, webauthn:extension:largeBlob: true, webauthn:extension:minPinLength: true, webauthn:extension:prf: true, webauthn:virtualAuthenticators: true}
Session ID: 04106751f882f90d63757691cbf22f35
at org.openqa.selenium.support.ui.WebDriverWait.timeoutException(WebDriverWait.java:84)
at org.openqa.selenium.support.ui.FluentWait.until(FluentWait.java:228)
at GowriPrabhu.AbstractComponents.AbstractComponent.waitForElementToAppear(AbstractComponent.java:47)
at GowriPrabhu.pageobjects.ViewPurchaseOrderPage.ConfirmTheOrderDirectly(ViewPurchaseOrderPage.java:159)
at GowriPrabhu.Test.PO_Creation.LoginAsCPandConfirmDirectly(PO_Creation.java:88)
at java.base/java.util.ArrayList.forEach(ArrayList.java:1596)
... Removed 29 stack frames]]>
    </failure>
  </testcase> <!-- LoginAsCPandConfirmDirectly -->
  <testcase classname="GowriPrabhu.Test.PO_Creation" name="Approvals_for_PurchaseOrder_AfterEditing" time="29.611"/>
  <testcase classname="GowriPrabhu.Test.PO_Creation" name="Branch_Manage_Approval" time="0.0">
    <skipped/>
  </testcase> <!-- Branch_Manage_Approval -->
</testsuite> <!-- Test -->
